<?xml version="1.0" encoding="UTF-8"?>
<testsuite xmlns:xsi="http://www.w3.org/2001/XMLSchema-instance" xsi:noNamespaceSchemaLocation="https://maven.apache.org/surefire/maven-surefire-plugin/xsd/surefire-test-report-3.0.xsd" version="3.0" name="TestRunner.Run" time="21.763" tests="1" errors="0" skipped="0" failures="0">
  <properties>
[...]
</properties>
  <testcase name="Successfull Login with Valid Credentials" classname="Login Fuctionality" time="21.064">
    <system-out><![CDATA[
@sanity
Scenario: Successfull Login with Valid Credentials                                               # Features/LoginFeature.feature:4
  Given User Launch browser                                                                      # StepDefinition.StepDef.user_launch_browser()
  When User Opens Url "https://admin-demo.nopcommerce.com/login"                                 # StepDefinition.StepDef.user_opens_url(java.lang.String)
  And User enters Email as "admin@yourstore.com", Password as "admin" and Clicks on Login button # StepDefinition.StepDef.user_enters_email_as_password_as_and_clicks_on_login_button(java.lang.String,java.lang.String)
  Then Page Title should be "Dashboard / nopCommerce administration"                             # StepDefinition.StepDef.page_title_should_be(java.lang.String)
  When User click on Logout button                                                               # StepDefinition.StepDef.user_click_on_logout_button()
  Then Page Title "Your store. Login"                                                            # StepDefinition.StepDef.page_title(java.lang.String)
  And Close Chrome browser                                                                       # StepDefinition.StepDef.close_chrome_browser()
Scenario status ======>PASSED
]]></system-out>
    <system-err><![CDATA[SLF4J: No SLF4J providers were found.
SLF4J: Defaulting to no-operation (NOP) logger implementation
SLF4J: See https://www.slf4j.org/codes.html#noProviders for further details.
]]></system-err>
  </testcase>
</testsuite>